Sending build context to Docker daemon  8.192kB
Step 1/8 : FROM alpine:latest
 ---> 389fef711851
Step 2/8 : RUN apk add vsftpd
 ---> Running in 892ed3624b14
fetch http://dl-cdn.alpinelinux.org/alpine/v3.12/main/x86_64/APKINDEX.tar.gz
fetch http://dl-cdn.alpinelinux.org/alpine/v3.12/community/x86_64/APKINDEX.tar.gz
(1/3) Installing libcap (2.27-r0)
(2/3) Installing linux-pam (1.3.1-r4)
(3/3) Installing vsftpd (3.0.3-r6)
Executing vsftpd-3.0.3-r6.pre-install
Executing busybox-1.31.1-r19.trigger
OK: 7 MiB in 17 packages
Removing intermediate container 892ed3624b14
 ---> 5b873fb1741d
Step 3/8 : RUN apk add openssl
 ---> Running in 194a674c9033
(1/1) Installing openssl (1.1.1i-r0)
Executing busybox-1.31.1-r19.trigger
OK: 8 MiB in 18 packages
Removing intermediate container 194a674c9033
 ---> afb8d3f4c8ef
Step 4/8 : RUN openssl req -new -x509 -days 365 -nodes -out /etc/ssl/private/vsftp.cert.pem -keyout /etc/ssl/private/vsftpd.key.pem -subj "/C=FR/ST=IDF/L=Paris/O=42/CN=ft_services.com"
 ---> Running in b994b67a7936
[91mGenerating a RSA private key
[0m[91m.[0m[91m.[0m[91m.[0m[91m.[0m[91m.[0m[91m.[0m[91m.[0m[91m.[0m[91m++[0m[91m+[0m[91m+[0m[91m+[0m[91m
[0m[91m.[0m[91m.[0m[91m.[0m[91m.[0m[91m.[0m[91m.[0m[91m+[0m[91m+[0m[91m+[0m[91m+[0m[91m+[0m[91m
writing new private key to '/etc/ssl/private/vsftpd.key.pem'
-----
[0mRemoving intermediate container b994b67a7936
 ---> c197a0ec3548
Step 5/8 : RUN echo "root:1234" | chpasswd
 ---> Running in f89e407ca662
[91mchpasswd: password for 'root' changed
[0mRemoving intermediate container f89e407ca662
 ---> 804470890cea
Step 6/8 : RUN cd /home && touch hello
 ---> Running in 7182ea205479
Removing intermediate container 7182ea205479
 ---> 1e3d8ee31906
Step 7/8 : COPY vsftpd.conf /etc/vsftpd/vsftpd.conf
 ---> f75288d72f1d
Step 8/8 : ENTRYPOINT ["vsftpd", "/etc/vsftpd/vsftpd.conf"]
 ---> Running in 440bb9e5697d
Removing intermediate container 440bb9e5697d
 ---> 11782598204a
Successfully built 11782598204a
Successfully tagged monftps:latest
